<?xml version="1.0" encoding="UTF-8"?>
<!-- Generated by org.testng.reporters.JUnitReportReporter -->
<testsuite name="Login.sampleTestNG" tests="1" time="0.016" ignored="0" failures="0" timestamp="10 Dec 2016 14:29:24 GMT" skipped="0" hostname="VKodali-Lap8" errors="0">
  <testcase name="add" time="0.016" classname="Login.sampleTestNG"/>
</testsuite> <!-- Login.sampleTestNG -->
